2025-05-26 14:07:39.942  INFO 19148 --- [main] org.example.Application                  : Starting Application using Java 20.0.2 on LAPTOP-RAB with PID 19148 (D:\1\OverseasAutomationTool\target\classes started by Jennifer in D:\1\OverseasAutomationTool)
2025-05-26 14:07:39.944 DEBUG 19148 --- [main] org.example.Application                  : Running with Spring Boot v2.7.5, Spring v5.3.23
2025-05-26 14:07:39.945  INFO 19148 --- [main] org.example.Application                  : No active profile set, falling back to 1 default profile: "default"
2025-05-26 14:07:41.016  INFO 19148 --- [main] o.s.b.w.embedded.tomcat.TomcatWebServer  : Tomcat initialized with port(s): 8080 (http)
2025-05-26 14:07:41.032  INFO 19148 --- [main] o.apache.catalina.core.StandardService   : Starting service [Tomcat]
2025-05-26 14:07:41.033  INFO 19148 --- [main] org.apache.catalina.core.StandardEngine  : Starting Servlet engine: [Apache Tomcat/9.0.68]
2025-05-26 14:07:41.223  INFO 19148 --- [main] o.a.c.c.C.[Tomcat].[localhost].[/]       : Initializing Spring embedded WebApplicationContext
2025-05-26 14:07:41.224  INFO 19148 --- [main] w.s.c.ServletWebServerApplicationContext : Root WebApplicationContext: initialization completed in 1216 ms
2025-05-26 14:07:43.170  INFO 19148 --- [Forwarding newSession on session null to remote] o.o.selenium.remote.ProtocolHandshake    : Detected dialect: W3C
2025-05-26 14:07:43.226  WARN 19148 --- [main] o.o.selenium.devtools.CdpVersionFinder   : Unable to find an exact match for CDP version 137, so returning the closest version found: a no-op implementation
2025-05-26 14:07:43.226  INFO 19148 --- [main] o.o.selenium.devtools.CdpVersionFinder   : Unable to find CDP implementation matching 137.
2025-05-26 14:07:43.227  WARN 19148 --- [main] o.o.selenium.chromium.ChromiumDriver     : Unable to find version of CDP to use for . You may need to include a dependency on a specific version of the CDP using something similar to `org.seleniumhq.selenium:selenium-devtools-v86:4.1.4` where the version ("v86") matches the version of the chromium-based browser you're using and the version number of the artifact is the same as Selenium's.
2025-05-26 14:07:43.403  INFO 19148 --- [main] o.s.b.a.w.s.WelcomePageHandlerMapping    : Adding welcome page: class path resource [static/index.html]
2025-05-26 14:07:43.566  INFO 19148 --- [main] o.s.b.w.embedded.tomcat.TomcatWebServer  : Tomcat started on port(s): 8080 (http) with context path ''
2025-05-26 14:07:43.574  INFO 19148 --- [main] org.example.Application                  : Started Application in 4.058 seconds (JVM running for 4.574)
2025-05-26 14:07:43.794  INFO 19148 --- [http-nio-8080-exec-1] o.a.c.c.C.[Tomcat].[localhost].[/]       : Initializing Spring DispatcherServlet 'dispatcherServlet'
2025-05-26 14:07:43.795  INFO 19148 --- [http-nio-8080-exec-1] o.s.web.servlet.DispatcherServlet        : Initializing Servlet 'dispatcherServlet'
2025-05-26 14:07:43.796  INFO 19148 --- [http-nio-8080-exec-1] o.s.web.servlet.DispatcherServlet        : Completed initialization in 1 ms
2025-05-26 14:08:17.986  INFO 19148 --- [http-nio-8080-exec-9] o.e.controller.AutomationController      : 接收到配置更新请求: {templateFilePath=D:\1\OverseasAutomationTool\src\main\resources\template_example.xlsx, logFilePath=D:\1\OverseasAutomationTool\src\main\resources\SiemensLog_Report_Number.csv}
2025-05-26 14:08:17.987  INFO 19148 --- [http-nio-8080-exec-9] o.e.controller.AutomationController      : 配置更新成功
2025-05-26 14:08:17.993  INFO 19148 --- [http-nio-8080-exec-1] o.e.controller.AutomationController      : 开始执行自动化服务
2025-05-26 14:08:17.994  INFO 19148 --- [http-nio-8080-exec-1] o.e.controller.AutomationController      : 使用配置 - templateFilePath: D:\1\OverseasAutomationTool\src\main\resources\template_example.xlsx, logFilePath: D:\1\OverseasAutomationTool\src\main\resources\SiemensLog_Report_Number.csv
2025-05-26 14:08:57.454  INFO 19148 --- [http-nio-8080-exec-4] o.e.controller.AutomationController      : 正在获取服务状态
2025-05-26 14:08:57.455  INFO 19148 --- [http-nio-8080-exec-4] o.e.controller.AutomationController      : 服务状态获取成功
2025-05-26 14:08:57.793  INFO 19148 --- [http-nio-8080-exec-5] o.e.controller.AutomationController      : 正在停止自动化服务
2025-05-26 14:08:58.079  INFO 19148 --- [http-nio-8080-exec-5] o.e.controller.AutomationController      : 服务已成功停止
2025-05-26 14:09:02.016  INFO 19148 --- [http-nio-8080-exec-6] o.e.controller.AutomationController      : 正在获取服务状态
2025-05-26 14:09:02.017  INFO 19148 --- [http-nio-8080-exec-6] o.e.controller.AutomationController      : 服务状态获取成功
2025-05-26 14:09:03.205  INFO 19148 --- [http-nio-8080-exec-7] o.e.controller.AutomationController      : 正在获取服务状态
2025-05-26 14:09:03.207  INFO 19148 --- [http-nio-8080-exec-7] o.e.controller.AutomationController      : 服务状态获取成功
2025-05-26 14:09:04.008  INFO 19148 --- [http-nio-8080-exec-8] o.e.controller.AutomationController      : 正在获取服务状态
2025-05-26 14:09:04.011  INFO 19148 --- [http-nio-8080-exec-8] o.e.controller.AutomationController      : 服务状态获取成功
2025-05-26 14:09:20.908  INFO 15108 --- [main] org.example.Application                  : Starting Application using Java 20.0.2 on LAPTOP-RAB with PID 15108 (D:\1\OverseasAutomationTool\target\classes started by Jennifer in D:\1\OverseasAutomationTool)
2025-05-26 14:09:20.910 DEBUG 15108 --- [main] org.example.Application                  : Running with Spring Boot v2.7.5, Spring v5.3.23
2025-05-26 14:09:20.912  INFO 15108 --- [main] org.example.Application                  : No active profile set, falling back to 1 default profile: "default"
2025-05-26 14:09:21.902  INFO 15108 --- [main] o.s.b.w.embedded.tomcat.TomcatWebServer  : Tomcat initialized with port(s): 8080 (http)
2025-05-26 14:09:21.912  INFO 15108 --- [main] o.apache.catalina.core.StandardService   : Starting service [Tomcat]
2025-05-26 14:09:21.913  INFO 15108 --- [main] org.apache.catalina.core.StandardEngine  : Starting Servlet engine: [Apache Tomcat/9.0.68]
2025-05-26 14:09:22.073  INFO 15108 --- [main] o.a.c.c.C.[Tomcat].[localhost].[/]       : Initializing Spring embedded WebApplicationContext
2025-05-26 14:09:22.074  INFO 15108 --- [main] w.s.c.ServletWebServerApplicationContext : Root WebApplicationContext: initialization completed in 1107 ms
2025-05-26 14:09:23.860  INFO 15108 --- [Forwarding newSession on session null to remote] o.o.selenium.remote.ProtocolHandshake    : Detected dialect: W3C
2025-05-26 14:09:23.914  WARN 15108 --- [main] o.o.selenium.devtools.CdpVersionFinder   : Unable to find an exact match for CDP version 137, so returning the closest version found: a no-op implementation
2025-05-26 14:09:23.915  INFO 15108 --- [main] o.o.selenium.devtools.CdpVersionFinder   : Unable to find CDP implementation matching 137.
2025-05-26 14:09:23.915  WARN 15108 --- [main] o.o.selenium.chromium.ChromiumDriver     : Unable to find version of CDP to use for . You may need to include a dependency on a specific version of the CDP using something similar to `org.seleniumhq.selenium:selenium-devtools-v86:4.1.4` where the version ("v86") matches the version of the chromium-based browser you're using and the version number of the artifact is the same as Selenium's.
2025-05-26 14:09:24.080  INFO 15108 --- [main] o.s.b.a.w.s.WelcomePageHandlerMapping    : Adding welcome page: class path resource [static/index.html]
2025-05-26 14:09:24.245  INFO 15108 --- [main] o.s.b.w.embedded.tomcat.TomcatWebServer  : Tomcat started on port(s): 8080 (http) with context path ''
2025-05-26 14:09:24.253  INFO 15108 --- [main] org.example.Application                  : Started Application in 3.79 seconds (JVM running for 4.141)
2025-05-26 14:09:24.311  INFO 15108 --- [http-nio-8080-exec-1] o.a.c.c.C.[Tomcat].[localhost].[/]       : Initializing Spring DispatcherServlet 'dispatcherServlet'
2025-05-26 14:09:24.311  INFO 15108 --- [http-nio-8080-exec-1] o.s.web.servlet.DispatcherServlet        : Initializing Servlet 'dispatcherServlet'
2025-05-26 14:09:24.312  INFO 15108 --- [http-nio-8080-exec-1] o.s.web.servlet.DispatcherServlet        : Completed initialization in 0 ms
2025-05-26 14:09:27.022  INFO 15108 --- [http-nio-8080-exec-5] o.e.controller.AutomationController      : 接收到配置更新请求: {templateFilePath=D:\1\OverseasAutomationTool\src\main\resources\template_example.xlsx, logFilePath=D:\1\OverseasAutomationTool\src\main\resources\SiemensLog_Report_Number.csv}
2025-05-26 14:09:27.024  INFO 15108 --- [http-nio-8080-exec-5] o.e.controller.AutomationController      : 配置更新成功
2025-05-26 14:09:27.037  INFO 15108 --- [http-nio-8080-exec-10] o.e.controller.AutomationController      : 开始执行自动化服务
2025-05-26 14:09:27.038  INFO 15108 --- [http-nio-8080-exec-10] o.e.controller.AutomationController      : 使用配置 - templateFilePath: D:\1\OverseasAutomationTool\src\main\resources\template_example.xlsx, logFilePath: D:\1\OverseasAutomationTool\src\main\resources\SiemensLog_Report_Number.csv
2025-05-26 14:09:29.493  INFO 15108 --- [http-nio-8080-exec-4] o.e.controller.AutomationController      : 正在获取服务状态
2025-05-26 14:09:29.497  INFO 15108 --- [http-nio-8080-exec-4] o.e.controller.AutomationController      : 服务状态获取成功
2025-05-26 14:09:34.387  INFO 15108 --- [http-nio-8080-exec-8] o.e.controller.AutomationController      : 正在获取服务状态
2025-05-26 14:09:34.390  INFO 15108 --- [http-nio-8080-exec-8] o.e.controller.AutomationController      : 服务状态获取成功
2025-05-26 14:09:39.390  INFO 15108 --- [http-nio-8080-exec-7] o.e.controller.AutomationController      : 正在获取服务状态
2025-05-26 14:09:39.391  INFO 15108 --- [http-nio-8080-exec-7] o.e.controller.AutomationController      : 服务状态获取成功
2025-05-26 14:09:44.393  INFO 15108 --- [http-nio-8080-exec-9] o.e.controller.AutomationController      : 正在获取服务状态
2025-05-26 14:09:44.395  INFO 15108 --- [http-nio-8080-exec-9] o.e.controller.AutomationController      : 服务状态获取成功
2025-05-26 14:09:49.391  INFO 15108 --- [http-nio-8080-exec-6] o.e.controller.AutomationController      : 正在获取服务状态
2025-05-26 14:09:49.393  INFO 15108 --- [http-nio-8080-exec-6] o.e.controller.AutomationController      : 服务状态获取成功
2025-05-26 14:09:54.391  INFO 15108 --- [http-nio-8080-exec-1] o.e.controller.AutomationController      : 正在获取服务状态
2025-05-26 14:09:54.392  INFO 15108 --- [http-nio-8080-exec-1] o.e.controller.AutomationController      : 服务状态获取成功
2025-05-26 14:09:59.403  INFO 15108 --- [http-nio-8080-exec-2] o.e.controller.AutomationController      : 正在获取服务状态
2025-05-26 14:09:59.404  INFO 15108 --- [http-nio-8080-exec-2] o.e.controller.AutomationController      : 服务状态获取成功
2025-05-26 14:10:02.316  INFO 15108 --- [http-nio-8080-exec-3] o.e.controller.AutomationController      : 正在停止自动化服务
2025-05-26 14:10:02.631  INFO 15108 --- [http-nio-8080-exec-3] o.e.controller.AutomationController      : 服务已成功停止
2025-05-26 14:10:13.511  INFO 15108 --- [http-nio-8080-exec-5] o.e.controller.AutomationController      : 正在获取服务状态
2025-05-26 14:10:13.512  INFO 15108 --- [http-nio-8080-exec-5] o.e.controller.AutomationController      : 服务状态获取成功
2025-05-26 14:10:15.335  INFO 15108 --- [http-nio-8080-exec-4] o.e.controller.AutomationController      : 接收到配置更新请求: {templateFilePath=D:\1\OverseasAutomationTool\src\main\resources\template_example.xlsx, logFilePath=D:\1\OverseasAutomationTool\src\main\resources\SiemensLog_Report_Number.csv}
2025-05-26 14:10:15.336  INFO 15108 --- [http-nio-8080-exec-4] o.e.controller.AutomationController      : 配置更新成功
2025-05-26 14:10:28.964  INFO 15108 --- [http-nio-8080-exec-7] o.e.controller.AutomationController      : 正在获取服务状态
2025-05-26 14:10:28.965  INFO 15108 --- [http-nio-8080-exec-7] o.e.controller.AutomationController      : 服务状态获取成功
2025-05-26 14:10:30.379  INFO 15108 --- [http-nio-8080-exec-9] o.e.controller.AutomationController      : 正在获取服务状态
2025-05-26 14:10:30.380  INFO 15108 --- [http-nio-8080-exec-9] o.e.controller.AutomationController      : 服务状态获取成功
2025-05-26 14:10:32.199  INFO 15108 --- [http-nio-8080-exec-6] o.e.controller.AutomationController      : 接收到配置更新请求: {templateFilePath=D:\1\OverseasAutomationTool\src\main\resources\template_example.xlsx, logFilePath=D:\1\OverseasAutomationTool\src\main\resources\SiemensLog_Report_Number.csv}
2025-05-26 14:10:32.200  INFO 15108 --- [http-nio-8080-exec-6] o.e.controller.AutomationController      : 配置更新成功
2025-05-26 14:10:35.358  INFO 15108 --- [http-nio-8080-exec-1] o.e.controller.AutomationController      : 开始执行自动化服务
2025-05-26 14:10:35.358  INFO 15108 --- [http-nio-8080-exec-1] o.e.controller.AutomationController      : 使用配置 - templateFilePath: D:\1\OverseasAutomationTool\src\main\resources\template_example.xlsx, logFilePath: D:\1\OverseasAutomationTool\src\main\resources\SiemensLog_Report_Number.csv
2025-05-26 14:10:35.487 ERROR 15108 --- [http-nio-8080-exec-1] o.e.controller.AutomationController      : 自动化服务执行失败: Session ID is null. Using WebDriver after calling quit()?
Build info: version: '4.1.4', revision: '535d840ee2'
System info: host: 'LAPTOP-RAB', ip: '169.254.195.238', os.name: 'Windows 11', os.arch: 'amd64', os.version: '10.0', java.version: '20.0.2'
Driver info: org.openqa.selenium.chrome.ChromeDriver
Command: [null, get {url=https://siemens.pilgrimasp.com/prod/smartsolve/Pages/Dashboard.aspx#/load?tabId=Home&searchPage=%7B-au-%7DPages/SmartPortal.aspx}]
Capabilities {acceptInsecureCerts: false, browserName: chrome, browserVersion: 137.0.7151.41, chrome: {chromedriverVersion: 137.0.7151.41 (ec385701fa11..., userDataDir: C:\Users\21936\AppData\Loca...}, fedcm:accounts: true, goog:chromeOptions: {debuggerAddress: localhost:56821}, javascriptEnabled: true, networkConnectionEnabled: false, pageLoadStrategy: normal, platform: WINDOWS, platformName: WINDOWS, proxy: Proxy(), se:cdp: ws://localhost:56821/devtoo..., se:cdpVersion: 137.0.7151.41, setWindowRect: true, strictFileInteractability: false, timeouts: {implicit: 0, pageLoad: 300000, script: 30000}, unhandledPromptBehavior: dismiss and notify, webauthn:extension:credBlob: true, webauthn:extension:largeBlob: true, webauthn:extension:minPinLength: true, webauthn:extension:prf: true, webauthn:virtualAuthenticators: true}

org.openqa.selenium.NoSuchSessionException: Session ID is null. Using WebDriver after calling quit()?
Build info: version: '4.1.4', revision: '535d840ee2'
System info: host: 'LAPTOP-RAB', ip: '169.254.195.238', os.name: 'Windows 11', os.arch: 'amd64', os.version: '10.0', java.version: '20.0.2'
Driver info: org.openqa.selenium.chrome.ChromeDriver
Command: [null, get {url=https://siemens.pilgrimasp.com/prod/smartsolve/Pages/Dashboard.aspx#/load?tabId=Home&searchPage=%7B-au-%7DPages/SmartPortal.aspx}]
Capabilities {acceptInsecureCerts: false, browserName: chrome, browserVersion: 137.0.7151.41, chrome: {chromedriverVersion: 137.0.7151.41 (ec385701fa11..., userDataDir: C:\Users\21936\AppData\Loca...}, fedcm:accounts: true, goog:chromeOptions: {debuggerAddress: localhost:56821}, javascriptEnabled: true, networkConnectionEnabled: false, pageLoadStrategy: normal, platform: WINDOWS, platformName: WINDOWS, proxy: Proxy(), se:cdp: ws://localhost:56821/devtoo..., se:cdpVersion: 137.0.7151.41, setWindowRect: true, strictFileInteractability: false, timeouts: {implicit: 0, pageLoad: 300000, script: 30000}, unhandledPromptBehavior: dismiss and notify, webauthn:extension:credBlob: true, webauthn:extension:largeBlob: true, webauthn:extension:minPinLength: true, webauthn:extension:prf: true, webauthn:virtualAuthenticators: true}
	at org.openqa.selenium.remote.HttpCommandExecutor.execute(HttpCommandExecutor.java:145) ~[selenium-remote-driver-4.1.4.jar:na]
	at org.openqa.selenium.remote.service.DriverCommandExecutor.invokeExecute(DriverCommandExecutor.java:167) ~[selenium-remote-driver-4.1.4.jar:na]
	at org.openqa.selenium.remote.service.DriverCommandExecutor.execute(DriverCommandExecutor.java:142) ~[selenium-remote-driver-4.1.4.jar:na]
	at org.openqa.selenium.remote.RemoteWebDriver.execute(RemoteWebDriver.java:567) ~[selenium-remote-driver-4.1.4.jar:na]
	at org.openqa.selenium.remote.RemoteWebDriver.get(RemoteWebDriver.java:330) ~[selenium-remote-driver-4.1.4.jar:na]
	at org.example.service.SmartSolveAutomationService.automateAndDownloadFile(SmartSolveAutomationService.java:150) ~[classes/:na]
	at org.example.controller.AutomationController.startSmartSolveAutomationService(AutomationController.java:77) ~[classes/:na]
	at java.base/jdk.internal.reflect.DirectMethodHandleAccessor.invoke(DirectMethodHandleAccessor.java:104) ~[na:na]
	at java.base/java.lang.reflect.Method.invoke(Method.java:578) ~[na:na]
	at org.springframework.web.method.support.InvocableHandlerMethod.doInvoke(InvocableHandlerMethod.java:205) ~[spring-web-5.3.23.jar:5.3.23]
	at org.springframework.web.method.support.InvocableHandlerMethod.invokeForRequest(InvocableHandlerMethod.java:150) ~[spring-web-5.3.23.jar:5.3.23]
	at org.springframework.web.servlet.mvc.method.annotation.ServletInvocableHandlerMethod.invokeAndHandle(ServletInvocableHandlerMethod.java:117) ~[spring-webmvc-5.3.23.jar:5.3.23]
	at org.springframework.web.servlet.mvc.method.annotation.RequestMappingHandlerAdapter.invokeHandlerMethod(RequestMappingHandlerAdapter.java:895) ~[spring-webmvc-5.3.23.jar:5.3.23]
	at org.springframework.web.servlet.mvc.method.annotation.RequestMappingHandlerAdapter.handleInternal(RequestMappingHandlerAdapter.java:808) ~[spring-webmvc-5.3.23.jar:5.3.23]
	at org.springframework.web.servlet.mvc.method.AbstractHandlerMethodAdapter.handle(AbstractHandlerMethodAdapter.java:87) ~[spring-webmvc-5.3.23.jar:5.3.23]
	at org.springframework.web.servlet.DispatcherServlet.doDispatch(DispatcherServlet.java:1071) ~[spring-webmvc-5.3.23.jar:5.3.23]
	at org.springframework.web.servlet.DispatcherServlet.doService(DispatcherServlet.java:964) ~[spring-webmvc-5.3.23.jar:5.3.23]
	at org.springframework.web.servlet.FrameworkServlet.processRequest(FrameworkServlet.java:1006) ~[spring-webmvc-5.3.23.jar:5.3.23]
	at org.springframework.web.servlet.FrameworkServlet.doGet(FrameworkServlet.java:898) ~[spring-webmvc-5.3.23.jar:5.3.23]
	at javax.servlet.http.HttpServlet.service(HttpServlet.java:670) ~[tomcat-embed-core-9.0.68.jar:4.0.FR]
	at org.springframework.web.servlet.FrameworkServlet.service(FrameworkServlet.java:883) ~[spring-webmvc-5.3.23.jar:5.3.23]
	at javax.servlet.http.HttpServlet.service(HttpServlet.java:779) ~[tomcat-embed-core-9.0.68.jar:4.0.FR]
	at org.apache.catalina.core.ApplicationFilterChain.internalDoFilter(ApplicationFilterChain.java:227) ~[tomcat-embed-core-9.0.68.jar:9.0.68]
	at org.apache.catalina.core.ApplicationFilterChain.doFilter(ApplicationFilterChain.java:162) ~[tomcat-embed-core-9.0.68.jar:9.0.68]
	at org.apache.tomcat.websocket.server.WsFilter.doFilter(WsFilter.java:53) ~[tomcat-embed-websocket-9.0.68.jar:9.0.68]
	at org.apache.catalina.core.ApplicationFilterChain.internalDoFilter(ApplicationFilterChain.java:189) ~[tomcat-embed-core-9.0.68.jar:9.0.68]
	at org.apache.catalina.core.ApplicationFilterChain.doFilter(ApplicationFilterChain.java:162) ~[tomcat-embed-core-9.0.68.jar:9.0.68]
	at org.springframework.web.filter.RequestContextFilter.doFilterInternal(RequestContextFilter.java:100) ~[spring-web-5.3.23.jar:5.3.23]
	at org.springframework.web.filter.OncePerRequestFilter.doFilter(OncePerRequestFilter.java:117) ~[spring-web-5.3.23.jar:5.3.23]
	at org.apache.catalina.core.ApplicationFilterChain.internalDoFilter(ApplicationFilterChain.java:189) ~[tomcat-embed-core-9.0.68.jar:9.0.68]
	at org.apache.catalina.core.ApplicationFilterChain.doFilter(ApplicationFilterChain.java:162) ~[tomcat-embed-core-9.0.68.jar:9.0.68]
	at org.springframework.web.filter.FormContentFilter.doFilterInternal(FormContentFilter.java:93) ~[spring-web-5.3.23.jar:5.3.23]
	at org.springframework.web.filter.OncePerRequestFilter.doFilter(OncePerRequestFilter.java:117) ~[spring-web-5.3.23.jar:5.3.23]
	at org.apache.catalina.core.ApplicationFilterChain.internalDoFilter(ApplicationFilterChain.java:189) ~[tomcat-embed-core-9.0.68.jar:9.0.68]
	at org.apache.catalina.core.ApplicationFilterChain.doFilter(ApplicationFilterChain.java:162) ~[tomcat-embed-core-9.0.68.jar:9.0.68]
	at org.springframework.web.filter.CharacterEncodingFilter.doFilterInternal(CharacterEncodingFilter.java:201) ~[spring-web-5.3.23.jar:5.3.23]
	at org.springframework.web.filter.OncePerRequestFilter.doFilter(OncePerRequestFilter.java:117) ~[spring-web-5.3.23.jar:5.3.23]
	at org.apache.catalina.core.ApplicationFilterChain.internalDoFilter(ApplicationFilterChain.java:189) ~[tomcat-embed-core-9.0.68.jar:9.0.68]
	at org.apache.catalina.core.ApplicationFilterChain.doFilter(ApplicationFilterChain.java:162) ~[tomcat-embed-core-9.0.68.jar:9.0.68]
	at org.apache.catalina.core.StandardWrapperValve.invoke(StandardWrapperValve.java:197) ~[tomcat-embed-core-9.0.68.jar:9.0.68]
	at org.apache.catalina.core.StandardContextValve.invoke(StandardContextValve.java:97) ~[tomcat-embed-core-9.0.68.jar:9.0.68]
	at org.apache.catalina.authenticator.AuthenticatorBase.invoke(AuthenticatorBase.java:541) ~[tomcat-embed-core-9.0.68.jar:9.0.68]
	at org.apache.catalina.core.StandardHostValve.invoke(StandardHostValve.java:135) ~[tomcat-embed-core-9.0.68.jar:9.0.68]
	at org.apache.catalina.valves.ErrorReportValve.invoke(ErrorReportValve.java:92) ~[tomcat-embed-core-9.0.68.jar:9.0.68]
	at org.apache.catalina.core.StandardEngineValve.invoke(StandardEngineValve.java:78) ~[tomcat-embed-core-9.0.68.jar:9.0.68]
	at org.apache.catalina.connector.CoyoteAdapter.service(CoyoteAdapter.java:360) ~[tomcat-embed-core-9.0.68.jar:9.0.68]
	at org.apache.coyote.http11.Http11Processor.service(Http11Processor.java:399) ~[tomcat-embed-core-9.0.68.jar:9.0.68]
	at org.apache.coyote.AbstractProcessorLight.process(AbstractProcessorLight.java:65) ~[tomcat-embed-core-9.0.68.jar:9.0.68]
	at org.apache.coyote.AbstractProtocol$ConnectionHandler.process(AbstractProtocol.java:893) ~[tomcat-embed-core-9.0.68.jar:9.0.68]
	at org.apache.tomcat.util.net.NioEndpoint$SocketProcessor.doRun(NioEndpoint.java:1789) ~[tomcat-embed-core-9.0.68.jar:9.0.68]
	at org.apache.tomcat.util.net.SocketProcessorBase.run(SocketProcessorBase.java:49) ~[tomcat-embed-core-9.0.68.jar:9.0.68]
	at org.apache.tomcat.util.threads.ThreadPoolExecutor.runWorker(ThreadPoolExecutor.java:1191) ~[tomcat-embed-core-9.0.68.jar:9.0.68]
	at org.apache.tomcat.util.threads.ThreadPoolExecutor$Worker.run(ThreadPoolExecutor.java:659) ~[tomcat-embed-core-9.0.68.jar:9.0.68]
	at org.apache.tomcat.util.threads.TaskThread$WrappingRunnable.run(TaskThread.java:61) ~[tomcat-embed-core-9.0.68.jar:9.0.68]
	at java.base/java.lang.Thread.run(Thread.java:1623) ~[na:na]

2025-05-26 14:10:52.220  INFO 15108 --- [http-nio-8080-exec-2] o.e.controller.AutomationController      : 开始执行自动化服务
2025-05-26 14:10:52.221  INFO 15108 --- [http-nio-8080-exec-2] o.e.controller.AutomationController      : 使用配置 - templateFilePath: D:\1\OverseasAutomationTool\src\main\resources\template_example.xlsx, logFilePath: D:\1\OverseasAutomationTool\src\main\resources\SiemensLog_Report_Number.csv
2025-05-26 14:10:52.299 ERROR 15108 --- [http-nio-8080-exec-2] o.e.controller.AutomationController      : 自动化服务执行失败: Session ID is null. Using WebDriver after calling quit()?
Build info: version: '4.1.4', revision: '535d840ee2'
System info: host: 'LAPTOP-RAB', ip: '169.254.195.238', os.name: 'Windows 11', os.arch: 'amd64', os.version: '10.0', java.version: '20.0.2'
Driver info: org.openqa.selenium.chrome.ChromeDriver
Command: [null, get {url=https://siemens.pilgrimasp.com/prod/smartsolve/Pages/Dashboard.aspx#/load?tabId=Home&searchPage=%7B-au-%7DPages/SmartPortal.aspx}]
Capabilities {acceptInsecureCerts: false, browserName: chrome, browserVersion: 137.0.7151.41, chrome: {chromedriverVersion: 137.0.7151.41 (ec385701fa11..., userDataDir: C:\Users\21936\AppData\Loca...}, fedcm:accounts: true, goog:chromeOptions: {debuggerAddress: localhost:56821}, javascriptEnabled: true, networkConnectionEnabled: false, pageLoadStrategy: normal, platform: WINDOWS, platformName: WINDOWS, proxy: Proxy(), se:cdp: ws://localhost:56821/devtoo..., se:cdpVersion: 137.0.7151.41, setWindowRect: true, strictFileInteractability: false, timeouts: {implicit: 0, pageLoad: 300000, script: 30000}, unhandledPromptBehavior: dismiss and notify, webauthn:extension:credBlob: true, webauthn:extension:largeBlob: true, webauthn:extension:minPinLength: true, webauthn:extension:prf: true, webauthn:virtualAuthenticators: true}

org.openqa.selenium.NoSuchSessionException: Session ID is null. Using WebDriver after calling quit()?
Build info: version: '4.1.4', revision: '535d840ee2'
System info: host: 'LAPTOP-RAB', ip: '169.254.195.238', os.name: 'Windows 11', os.arch: 'amd64', os.version: '10.0', java.version: '20.0.2'
Driver info: org.openqa.selenium.chrome.ChromeDriver
Command: [null, get {url=https://siemens.pilgrimasp.com/prod/smartsolve/Pages/Dashboard.aspx#/load?tabId=Home&searchPage=%7B-au-%7DPages/SmartPortal.aspx}]
Capabilities {acceptInsecureCerts: false, browserName: chrome, browserVersion: 137.0.7151.41, chrome: {chromedriverVersion: 137.0.7151.41 (ec385701fa11..., userDataDir: C:\Users\21936\AppData\Loca...}, fedcm:accounts: true, goog:chromeOptions: {debuggerAddress: localhost:56821}, javascriptEnabled: true, networkConnectionEnabled: false, pageLoadStrategy: normal, platform: WINDOWS, platformName: WINDOWS, proxy: Proxy(), se:cdp: ws://localhost:56821/devtoo..., se:cdpVersion: 137.0.7151.41, setWindowRect: true, strictFileInteractability: false, timeouts: {implicit: 0, pageLoad: 300000, script: 30000}, unhandledPromptBehavior: dismiss and notify, webauthn:extension:credBlob: true, webauthn:extension:largeBlob: true, webauthn:extension:minPinLength: true, webauthn:extension:prf: true, webauthn:virtualAuthenticators: true}
	at org.openqa.selenium.remote.HttpCommandExecutor.execute(HttpCommandExecutor.java:145) ~[selenium-remote-driver-4.1.4.jar:na]
	at org.openqa.selenium.remote.service.DriverCommandExecutor.invokeExecute(DriverCommandExecutor.java:167) ~[selenium-remote-driver-4.1.4.jar:na]
	at org.openqa.selenium.remote.service.DriverCommandExecutor.execute(DriverCommandExecutor.java:142) ~[selenium-remote-driver-4.1.4.jar:na]
	at org.openqa.selenium.remote.RemoteWebDriver.execute(RemoteWebDriver.java:567) ~[selenium-remote-driver-4.1.4.jar:na]
	at org.openqa.selenium.remote.RemoteWebDriver.get(RemoteWebDriver.java:330) ~[selenium-remote-driver-4.1.4.jar:na]
	at org.example.service.SmartSolveAutomationService.automateAndDownloadFile(SmartSolveAutomationService.java:150) ~[classes/:na]
	at org.example.controller.AutomationController.startSmartSolveAutomationService(AutomationController.java:77) ~[classes/:na]
	at java.base/jdk.internal.reflect.DirectMethodHandleAccessor.invoke(DirectMethodHandleAccessor.java:104) ~[na:na]
	at java.base/java.lang.reflect.Method.invoke(Method.java:578) ~[na:na]
	at org.springframework.web.method.support.InvocableHandlerMethod.doInvoke(InvocableHandlerMethod.java:205) ~[spring-web-5.3.23.jar:5.3.23]
	at org.springframework.web.method.support.InvocableHandlerMethod.invokeForRequest(InvocableHandlerMethod.java:150) ~[spring-web-5.3.23.jar:5.3.23]
	at org.springframework.web.servlet.mvc.method.annotation.ServletInvocableHandlerMethod.invokeAndHandle(ServletInvocableHandlerMethod.java:117) ~[spring-webmvc-5.3.23.jar:5.3.23]
	at org.springframework.web.servlet.mvc.method.annotation.RequestMappingHandlerAdapter.invokeHandlerMethod(RequestMappingHandlerAdapter.java:895) ~[spring-webmvc-5.3.23.jar:5.3.23]
	at org.springframework.web.servlet.mvc.method.annotation.RequestMappingHandlerAdapter.handleInternal(RequestMappingHandlerAdapter.java:808) ~[spring-webmvc-5.3.23.jar:5.3.23]
	at org.springframework.web.servlet.mvc.method.AbstractHandlerMethodAdapter.handle(AbstractHandlerMethodAdapter.java:87) ~[spring-webmvc-5.3.23.jar:5.3.23]
	at org.springframework.web.servlet.DispatcherServlet.doDispatch(DispatcherServlet.java:1071) ~[spring-webmvc-5.3.23.jar:5.3.23]
	at org.springframework.web.servlet.DispatcherServlet.doService(DispatcherServlet.java:964) ~[spring-webmvc-5.3.23.jar:5.3.23]
	at org.springframework.web.servlet.FrameworkServlet.processRequest(FrameworkServlet.java:1006) ~[spring-webmvc-5.3.23.jar:5.3.23]
	at org.springframework.web.servlet.FrameworkServlet.doGet(FrameworkServlet.java:898) ~[spring-webmvc-5.3.23.jar:5.3.23]
	at javax.servlet.http.HttpServlet.service(HttpServlet.java:670) ~[tomcat-embed-core-9.0.68.jar:4.0.FR]
	at org.springframework.web.servlet.FrameworkServlet.service(FrameworkServlet.java:883) ~[spring-webmvc-5.3.23.jar:5.3.23]
	at javax.servlet.http.HttpServlet.service(HttpServlet.java:779) ~[tomcat-embed-core-9.0.68.jar:4.0.FR]
	at org.apache.catalina.core.ApplicationFilterChain.internalDoFilter(ApplicationFilterChain.java:227) ~[tomcat-embed-core-9.0.68.jar:9.0.68]
	at org.apache.catalina.core.ApplicationFilterChain.doFilter(ApplicationFilterChain.java:162) ~[tomcat-embed-core-9.0.68.jar:9.0.68]
	at org.apache.tomcat.websocket.server.WsFilter.doFilter(WsFilter.java:53) ~[tomcat-embed-websocket-9.0.68.jar:9.0.68]
	at org.apache.catalina.core.ApplicationFilterChain.internalDoFilter(ApplicationFilterChain.java:189) ~[tomcat-embed-core-9.0.68.jar:9.0.68]
	at org.apache.catalina.core.ApplicationFilterChain.doFilter(ApplicationFilterChain.java:162) ~[tomcat-embed-core-9.0.68.jar:9.0.68]
	at org.springframework.web.filter.RequestContextFilter.doFilterInternal(RequestContextFilter.java:100) ~[spring-web-5.3.23.jar:5.3.23]
	at org.springframework.web.filter.OncePerRequestFilter.doFilter(OncePerRequestFilter.java:117) ~[spring-web-5.3.23.jar:5.3.23]
	at org.apache.catalina.core.ApplicationFilterChain.internalDoFilter(ApplicationFilterChain.java:189) ~[tomcat-embed-core-9.0.68.jar:9.0.68]
	at org.apache.catalina.core.ApplicationFilterChain.doFilter(ApplicationFilterChain.java:162) ~[tomcat-embed-core-9.0.68.jar:9.0.68]
	at org.springframework.web.filter.FormContentFilter.doFilterInternal(FormContentFilter.java:93) ~[spring-web-5.3.23.jar:5.3.23]
	at org.springframework.web.filter.OncePerRequestFilter.doFilter(OncePerRequestFilter.java:117) ~[spring-web-5.3.23.jar:5.3.23]
	at org.apache.catalina.core.ApplicationFilterChain.internalDoFilter(ApplicationFilterChain.java:189) ~[tomcat-embed-core-9.0.68.jar:9.0.68]
	at org.apache.catalina.core.ApplicationFilterChain.doFilter(ApplicationFilterChain.java:162) ~[tomcat-embed-core-9.0.68.jar:9.0.68]
	at org.springframework.web.filter.CharacterEncodingFilter.doFilterInternal(CharacterEncodingFilter.java:201) ~[spring-web-5.3.23.jar:5.3.23]
	at org.springframework.web.filter.OncePerRequestFilter.doFilter(OncePerRequestFilter.java:117) ~[spring-web-5.3.23.jar:5.3.23]
	at org.apache.catalina.core.ApplicationFilterChain.internalDoFilter(ApplicationFilterChain.java:189) ~[tomcat-embed-core-9.0.68.jar:9.0.68]
	at org.apache.catalina.core.ApplicationFilterChain.doFilter(ApplicationFilterChain.java:162) ~[tomcat-embed-core-9.0.68.jar:9.0.68]
	at org.apache.catalina.core.StandardWrapperValve.invoke(StandardWrapperValve.java:197) ~[tomcat-embed-core-9.0.68.jar:9.0.68]
	at org.apache.catalina.core.StandardContextValve.invoke(StandardContextValve.java:97) ~[tomcat-embed-core-9.0.68.jar:9.0.68]
	at org.apache.catalina.authenticator.AuthenticatorBase.invoke(AuthenticatorBase.java:541) ~[tomcat-embed-core-9.0.68.jar:9.0.68]
	at org.apache.catalina.core.StandardHostValve.invoke(StandardHostValve.java:135) ~[tomcat-embed-core-9.0.68.jar:9.0.68]
	at org.apache.catalina.valves.ErrorReportValve.invoke(ErrorReportValve.java:92) ~[tomcat-embed-core-9.0.68.jar:9.0.68]
	at org.apache.catalina.core.StandardEngineValve.invoke(StandardEngineValve.java:78) ~[tomcat-embed-core-9.0.68.jar:9.0.68]
	at org.apache.catalina.connector.CoyoteAdapter.service(CoyoteAdapter.java:360) ~[tomcat-embed-core-9.0.68.jar:9.0.68]
	at org.apache.coyote.http11.Http11Processor.service(Http11Processor.java:399) ~[tomcat-embed-core-9.0.68.jar:9.0.68]
	at org.apache.coyote.AbstractProcessorLight.process(AbstractProcessorLight.java:65) ~[tomcat-embed-core-9.0.68.jar:9.0.68]
	at org.apache.coyote.AbstractProtocol$ConnectionHandler.process(AbstractProtocol.java:893) ~[tomcat-embed-core-9.0.68.jar:9.0.68]
	at org.apache.tomcat.util.net.NioEndpoint$SocketProcessor.doRun(NioEndpoint.java:1789) ~[tomcat-embed-core-9.0.68.jar:9.0.68]
	at org.apache.tomcat.util.net.SocketProcessorBase.run(SocketProcessorBase.java:49) ~[tomcat-embed-core-9.0.68.jar:9.0.68]
	at org.apache.tomcat.util.threads.ThreadPoolExecutor.runWorker(ThreadPoolExecutor.java:1191) ~[tomcat-embed-core-9.0.68.jar:9.0.68]
	at org.apache.tomcat.util.threads.ThreadPoolExecutor$Worker.run(ThreadPoolExecutor.java:659) ~[tomcat-embed-core-9.0.68.jar:9.0.68]
	at org.apache.tomcat.util.threads.TaskThread$WrappingRunnable.run(TaskThread.java:61) ~[tomcat-embed-core-9.0.68.jar:9.0.68]
	at java.base/java.lang.Thread.run(Thread.java:1623) ~[na:na]

2025-05-26 14:11:01.371 ERROR 15108 --- [http-nio-8080-exec-10] o.e.controller.AutomationController      : 自动化服务执行失败: Session ID is null. Using WebDriver after calling quit()?
Build info: version: '4.1.4', revision: '535d840ee2'
System info: host: 'LAPTOP-RAB', ip: '169.254.195.238', os.name: 'Windows 11', os.arch: 'amd64', os.version: '10.0', java.version: '20.0.2'
Driver info: org.openqa.selenium.chrome.ChromeDriver
Command: [null, get {url=https://siemens.pilgrimasp.com/prod/smartsolve/Pages/Dashboard.aspx#/load?tabId=Home&searchPage=%7B-au-%7DPages/SmartPortal.aspx%7B-qm-%7DItmId%7B-eq-%7D0000000000000002147484680}]
Capabilities {acceptInsecureCerts: false, browserName: chrome, browserVersion: 137.0.7151.41, chrome: {chromedriverVersion: 137.0.7151.41 (ec385701fa11..., userDataDir: C:\Users\21936\AppData\Loca...}, fedcm:accounts: true, goog:chromeOptions: {debuggerAddress: localhost:56821}, javascriptEnabled: true, networkConnectionEnabled: false, pageLoadStrategy: normal, platform: WINDOWS, platformName: WINDOWS, proxy: Proxy(), se:cdp: ws://localhost:56821/devtoo..., se:cdpVersion: 137.0.7151.41, setWindowRect: true, strictFileInteractability: false, timeouts: {implicit: 0, pageLoad: 300000, script: 30000}, unhandledPromptBehavior: dismiss and notify, webauthn:extension:credBlob: true, webauthn:extension:largeBlob: true, webauthn:extension:minPinLength: true, webauthn:extension:prf: true, webauthn:virtualAuthenticators: true}

org.openqa.selenium.NoSuchSessionException: Session ID is null. Using WebDriver after calling quit()?
Build info: version: '4.1.4', revision: '535d840ee2'
System info: host: 'LAPTOP-RAB', ip: '169.254.195.238', os.name: 'Windows 11', os.arch: 'amd64', os.version: '10.0', java.version: '20.0.2'
Driver info: org.openqa.selenium.chrome.ChromeDriver
Command: [null, get {url=https://siemens.pilgrimasp.com/prod/smartsolve/Pages/Dashboard.aspx#/load?tabId=Home&searchPage=%7B-au-%7DPages/SmartPortal.aspx%7B-qm-%7DItmId%7B-eq-%7D0000000000000002147484680}]
Capabilities {acceptInsecureCerts: false, browserName: chrome, browserVersion: 137.0.7151.41, chrome: {chromedriverVersion: 137.0.7151.41 (ec385701fa11..., userDataDir: C:\Users\21936\AppData\Loca...}, fedcm:accounts: true, goog:chromeOptions: {debuggerAddress: localhost:56821}, javascriptEnabled: true, networkConnectionEnabled: false, pageLoadStrategy: normal, platform: WINDOWS, platformName: WINDOWS, proxy: Proxy(), se:cdp: ws://localhost:56821/devtoo..., se:cdpVersion: 137.0.7151.41, setWindowRect: true, strictFileInteractability: false, timeouts: {implicit: 0, pageLoad: 300000, script: 30000}, unhandledPromptBehavior: dismiss and notify, webauthn:extension:credBlob: true, webauthn:extension:largeBlob: true, webauthn:extension:minPinLength: true, webauthn:extension:prf: true, webauthn:virtualAuthenticators: true}
	at org.openqa.selenium.remote.HttpCommandExecutor.execute(HttpCommandExecutor.java:145) ~[selenium-remote-driver-4.1.4.jar:na]
	at org.openqa.selenium.remote.service.DriverCommandExecutor.invokeExecute(DriverCommandExecutor.java:167) ~[selenium-remote-driver-4.1.4.jar:na]
	at org.openqa.selenium.remote.service.DriverCommandExecutor.execute(DriverCommandExecutor.java:142) ~[selenium-remote-driver-4.1.4.jar:na]
	at org.openqa.selenium.remote.RemoteWebDriver.execute(RemoteWebDriver.java:567) ~[selenium-remote-driver-4.1.4.jar:na]
	at org.openqa.selenium.remote.RemoteWebDriver.get(RemoteWebDriver.java:330) ~[selenium-remote-driver-4.1.4.jar:na]
	at org.example.service.SmartSolveAutomationService.automateAndDownloadFile(SmartSolveAutomationService.java:160) ~[classes/:na]
	at org.example.controller.AutomationController.startSmartSolveAutomationService(AutomationController.java:77) ~[classes/:na]
	at java.base/jdk.internal.reflect.DirectMethodHandleAccessor.invoke(DirectMethodHandleAccessor.java:104) ~[na:na]
	at java.base/java.lang.reflect.Method.invoke(Method.java:578) ~[na:na]
	at org.springframework.web.method.support.InvocableHandlerMethod.doInvoke(InvocableHandlerMethod.java:205) ~[spring-web-5.3.23.jar:5.3.23]
	at org.springframework.web.method.support.InvocableHandlerMethod.invokeForRequest(InvocableHandlerMethod.java:150) ~[spring-web-5.3.23.jar:5.3.23]
	at org.springframework.web.servlet.mvc.method.annotation.ServletInvocableHandlerMethod.invokeAndHandle(ServletInvocableHandlerMethod.java:117) ~[spring-webmvc-5.3.23.jar:5.3.23]
	at org.springframework.web.servlet.mvc.method.annotation.RequestMappingHandlerAdapter.invokeHandlerMethod(RequestMappingHandlerAdapter.java:895) ~[spring-webmvc-5.3.23.jar:5.3.23]
	at org.springframework.web.servlet.mvc.method.annotation.RequestMappingHandlerAdapter.handleInternal(RequestMappingHandlerAdapter.java:808) ~[spring-webmvc-5.3.23.jar:5.3.23]
	at org.springframework.web.servlet.mvc.method.AbstractHandlerMethodAdapter.handle(AbstractHandlerMethodAdapter.java:87) ~[spring-webmvc-5.3.23.jar:5.3.23]
	at org.springframework.web.servlet.DispatcherServlet.doDispatch(DispatcherServlet.java:1071) ~[spring-webmvc-5.3.23.jar:5.3.23]
	at org.springframework.web.servlet.DispatcherServlet.doService(DispatcherServlet.java:964) ~[spring-webmvc-5.3.23.jar:5.3.23]
	at org.springframework.web.servlet.FrameworkServlet.processRequest(FrameworkServlet.java:1006) ~[spring-webmvc-5.3.23.jar:5.3.23]
	at org.springframework.web.servlet.FrameworkServlet.doGet(FrameworkServlet.java:898) ~[spring-webmvc-5.3.23.jar:5.3.23]
	at javax.servlet.http.HttpServlet.service(HttpServlet.java:670) ~[tomcat-embed-core-9.0.68.jar:4.0.FR]
	at org.springframework.web.servlet.FrameworkServlet.service(FrameworkServlet.java:883) ~[spring-webmvc-5.3.23.jar:5.3.23]
	at javax.servlet.http.HttpServlet.service(HttpServlet.java:779) ~[tomcat-embed-core-9.0.68.jar:4.0.FR]
	at org.apache.catalina.core.ApplicationFilterChain.internalDoFilter(ApplicationFilterChain.java:227) ~[tomcat-embed-core-9.0.68.jar:9.0.68]
	at org.apache.catalina.core.ApplicationFilterChain.doFilter(ApplicationFilterChain.java:162) ~[tomcat-embed-core-9.0.68.jar:9.0.68]
	at org.apache.tomcat.websocket.server.WsFilter.doFilter(WsFilter.java:53) ~[tomcat-embed-websocket-9.0.68.jar:9.0.68]
	at org.apache.catalina.core.ApplicationFilterChain.internalDoFilter(ApplicationFilterChain.java:189) ~[tomcat-embed-core-9.0.68.jar:9.0.68]
	at org.apache.catalina.core.ApplicationFilterChain.doFilter(ApplicationFilterChain.java:162) ~[tomcat-embed-core-9.0.68.jar:9.0.68]
	at org.springframework.web.filter.RequestContextFilter.doFilterInternal(RequestContextFilter.java:100) ~[spring-web-5.3.23.jar:5.3.23]
	at org.springframework.web.filter.OncePerRequestFilter.doFilter(OncePerRequestFilter.java:117) ~[spring-web-5.3.23.jar:5.3.23]
	at org.apache.catalina.core.ApplicationFilterChain.internalDoFilter(ApplicationFilterChain.java:189) ~[tomcat-embed-core-9.0.68.jar:9.0.68]
	at org.apache.catalina.core.ApplicationFilterChain.doFilter(ApplicationFilterChain.java:162) ~[tomcat-embed-core-9.0.68.jar:9.0.68]
	at org.springframework.web.filter.FormContentFilter.doFilterInternal(FormContentFilter.java:93) ~[spring-web-5.3.23.jar:5.3.23]
	at org.springframework.web.filter.OncePerRequestFilter.doFilter(OncePerRequestFilter.java:117) ~[spring-web-5.3.23.jar:5.3.23]
	at org.apache.catalina.core.ApplicationFilterChain.internalDoFilter(ApplicationFilterChain.java:189) ~[tomcat-embed-core-9.0.68.jar:9.0.68]
	at org.apache.catalina.core.ApplicationFilterChain.doFilter(ApplicationFilterChain.java:162) ~[tomcat-embed-core-9.0.68.jar:9.0.68]
	at org.springframework.web.filter.CharacterEncodingFilter.doFilterInternal(CharacterEncodingFilter.java:201) ~[spring-web-5.3.23.jar:5.3.23]
	at org.springframework.web.filter.OncePerRequestFilter.doFilter(OncePerRequestFilter.java:117) ~[spring-web-5.3.23.jar:5.3.23]
	at org.apache.catalina.core.ApplicationFilterChain.internalDoFilter(ApplicationFilterChain.java:189) ~[tomcat-embed-core-9.0.68.jar:9.0.68]
	at org.apache.catalina.core.ApplicationFilterChain.doFilter(ApplicationFilterChain.java:162) ~[tomcat-embed-core-9.0.68.jar:9.0.68]
	at org.apache.catalina.core.StandardWrapperValve.invoke(StandardWrapperValve.java:197) ~[tomcat-embed-core-9.0.68.jar:9.0.68]
	at org.apache.catalina.core.StandardContextValve.invoke(StandardContextValve.java:97) ~[tomcat-embed-core-9.0.68.jar:9.0.68]
	at org.apache.catalina.authenticator.AuthenticatorBase.invoke(AuthenticatorBase.java:541) ~[tomcat-embed-core-9.0.68.jar:9.0.68]
	at org.apache.catalina.core.StandardHostValve.invoke(StandardHostValve.java:135) ~[tomcat-embed-core-9.0.68.jar:9.0.68]
	at org.apache.catalina.valves.ErrorReportValve.invoke(ErrorReportValve.java:92) ~[tomcat-embed-core-9.0.68.jar:9.0.68]
	at org.apache.catalina.core.StandardEngineValve.invoke(StandardEngineValve.java:78) ~[tomcat-embed-core-9.0.68.jar:9.0.68]
	at org.apache.catalina.connector.CoyoteAdapter.service(CoyoteAdapter.java:360) ~[tomcat-embed-core-9.0.68.jar:9.0.68]
	at org.apache.coyote.http11.Http11Processor.service(Http11Processor.java:399) ~[tomcat-embed-core-9.0.68.jar:9.0.68]
	at org.apache.coyote.AbstractProcessorLight.process(AbstractProcessorLight.java:65) ~[tomcat-embed-core-9.0.68.jar:9.0.68]
	at org.apache.coyote.AbstractProtocol$ConnectionHandler.process(AbstractProtocol.java:893) ~[tomcat-embed-core-9.0.68.jar:9.0.68]
	at org.apache.tomcat.util.net.NioEndpoint$SocketProcessor.doRun(NioEndpoint.java:1789) ~[tomcat-embed-core-9.0.68.jar:9.0.68]
	at org.apache.tomcat.util.net.SocketProcessorBase.run(SocketProcessorBase.java:49) ~[tomcat-embed-core-9.0.68.jar:9.0.68]
	at org.apache.tomcat.util.threads.ThreadPoolExecutor.runWorker(ThreadPoolExecutor.java:1191) ~[tomcat-embed-core-9.0.68.jar:9.0.68]
	at org.apache.tomcat.util.threads.ThreadPoolExecutor$Worker.run(ThreadPoolExecutor.java:659) ~[tomcat-embed-core-9.0.68.jar:9.0.68]
	at org.apache.tomcat.util.threads.TaskThread$WrappingRunnable.run(TaskThread.java:61) ~[tomcat-embed-core-9.0.68.jar:9.0.68]
	at java.base/java.lang.Thread.run(Thread.java:1623) ~[na:na]

2025-05-26 14:13:39.368  INFO 15108 --- [http-nio-8080-exec-8] o.e.controller.AutomationController      : 接收到配置更新请求: {templateFilePath=D:\1\OverseasAutomationTool\src\main\resources\template_example.xlsx, logFilePath=D:\1\OverseasAutomationTool\src\main\resources\SiemensLog_Report_Number.csv}
2025-05-26 14:13:39.370  INFO 15108 --- [http-nio-8080-exec-8] o.e.controller.AutomationController      : 配置更新成功
2025-05-26 14:13:39.383  INFO 15108 --- [http-nio-8080-exec-7] o.e.controller.AutomationController      : 开始执行自动化服务
2025-05-26 14:13:39.384  INFO 15108 --- [http-nio-8080-exec-7] o.e.controller.AutomationController      : 使用配置 - templateFilePath: D:\1\OverseasAutomationTool\src\main\resources\template_example.xlsx, logFilePath: D:\1\OverseasAutomationTool\src\main\resources\SiemensLog_Report_Number.csv
2025-05-26 14:13:39.427 ERROR 15108 --- [http-nio-8080-exec-7] o.e.controller.AutomationController      : 自动化服务执行失败: Session ID is null. Using WebDriver after calling quit()?
Build info: version: '4.1.4', revision: '535d840ee2'
System info: host: 'LAPTOP-RAB', ip: '169.254.195.238', os.name: 'Windows 11', os.arch: 'amd64', os.version: '10.0', java.version: '20.0.2'
Driver info: org.openqa.selenium.chrome.ChromeDriver
Command: [null, get {url=https://siemens.pilgrimasp.com/prod/smartsolve/Pages/Dashboard.aspx#/load?tabId=Home&searchPage=%7B-au-%7DPages/SmartPortal.aspx}]
Capabilities {acceptInsecureCerts: false, browserName: chrome, browserVersion: 137.0.7151.41, chrome: {chromedriverVersion: 137.0.7151.41 (ec385701fa11..., userDataDir: C:\Users\21936\AppData\Loca...}, fedcm:accounts: true, goog:chromeOptions: {debuggerAddress: localhost:56821}, javascriptEnabled: true, networkConnectionEnabled: false, pageLoadStrategy: normal, platform: WINDOWS, platformName: WINDOWS, proxy: Proxy(), se:cdp: ws://localhost:56821/devtoo..., se:cdpVersion: 137.0.7151.41, setWindowRect: true, strictFileInteractability: false, timeouts: {implicit: 0, pageLoad: 300000, script: 30000}, unhandledPromptBehavior: dismiss and notify, webauthn:extension:credBlob: true, webauthn:extension:largeBlob: true, webauthn:extension:minPinLength: true, webauthn:extension:prf: true, webauthn:virtualAuthenticators: true}

org.openqa.selenium.NoSuchSessionException: Session ID is null. Using WebDriver after calling quit()?
Build info: version: '4.1.4', revision: '535d840ee2'
System info: host: 'LAPTOP-RAB', ip: '169.254.195.238', os.name: 'Windows 11', os.arch: 'amd64', os.version: '10.0', java.version: '20.0.2'
Driver info: org.openqa.selenium.chrome.ChromeDriver
Command: [null, get {url=https://siemens.pilgrimasp.com/prod/smartsolve/Pages/Dashboard.aspx#/load?tabId=Home&searchPage=%7B-au-%7DPages/SmartPortal.aspx}]
Capabilities {acceptInsecureCerts: false, browserName: chrome, browserVersion: 137.0.7151.41, chrome: {chromedriverVersion: 137.0.7151.41 (ec385701fa11..., userDataDir: C:\Users\21936\AppData\Loca...}, fedcm:accounts: true, goog:chromeOptions: {debuggerAddress: localhost:56821}, javascriptEnabled: true, networkConnectionEnabled: false, pageLoadStrategy: normal, platform: WINDOWS, platformName: WINDOWS, proxy: Proxy(), se:cdp: ws://localhost:56821/devtoo..., se:cdpVersion: 137.0.7151.41, setWindowRect: true, strictFileInteractability: false, timeouts: {implicit: 0, pageLoad: 300000, script: 30000}, unhandledPromptBehavior: dismiss and notify, webauthn:extension:credBlob: true, webauthn:extension:largeBlob: true, webauthn:extension:minPinLength: true, webauthn:extension:prf: true, webauthn:virtualAuthenticators: true}
	at org.openqa.selenium.remote.HttpCommandExecutor.execute(HttpCommandExecutor.java:145) ~[selenium-remote-driver-4.1.4.jar:na]
	at org.openqa.selenium.remote.service.DriverCommandExecutor.invokeExecute(DriverCommandExecutor.java:167) ~[selenium-remote-driver-4.1.4.jar:na]
	at org.openqa.selenium.remote.service.DriverCommandExecutor.execute(DriverCommandExecutor.java:142) ~[selenium-remote-driver-4.1.4.jar:na]
	at org.openqa.selenium.remote.RemoteWebDriver.execute(RemoteWebDriver.java:567) ~[selenium-remote-driver-4.1.4.jar:na]
	at org.openqa.selenium.remote.RemoteWebDriver.get(RemoteWebDriver.java:330) ~[selenium-remote-driver-4.1.4.jar:na]
	at org.example.service.SmartSolveAutomationService.automateAndDownloadFile(SmartSolveAutomationService.java:150) ~[classes/:na]
	at org.example.controller.AutomationController.startSmartSolveAutomationService(AutomationController.java:77) ~[classes/:na]
	at java.base/jdk.internal.reflect.DirectMethodHandleAccessor.invoke(DirectMethodHandleAccessor.java:104) ~[na:na]
	at java.base/java.lang.reflect.Method.invoke(Method.java:578) ~[na:na]
	at org.springframework.web.method.support.InvocableHandlerMethod.doInvoke(InvocableHandlerMethod.java:205) ~[spring-web-5.3.23.jar:5.3.23]
	at org.springframework.web.method.support.InvocableHandlerMethod.invokeForRequest(InvocableHandlerMethod.java:150) ~[spring-web-5.3.23.jar:5.3.23]
	at org.springframework.web.servlet.mvc.method.annotation.ServletInvocableHandlerMethod.invokeAndHandle(ServletInvocableHandlerMethod.java:117) ~[spring-webmvc-5.3.23.jar:5.3.23]
	at org.springframework.web.servlet.mvc.method.annotation.RequestMappingHandlerAdapter.invokeHandlerMethod(RequestMappingHandlerAdapter.java:895) ~[spring-webmvc-5.3.23.jar:5.3.23]
	at org.springframework.web.servlet.mvc.method.annotation.RequestMappingHandlerAdapter.handleInternal(RequestMappingHandlerAdapter.java:808) ~[spring-webmvc-5.3.23.jar:5.3.23]
	at org.springframework.web.servlet.mvc.method.AbstractHandlerMethodAdapter.handle(AbstractHandlerMethodAdapter.java:87) ~[spring-webmvc-5.3.23.jar:5.3.23]
	at org.springframework.web.servlet.DispatcherServlet.doDispatch(DispatcherServlet.java:1071) ~[spring-webmvc-5.3.23.jar:5.3.23]
	at org.springframework.web.servlet.DispatcherServlet.doService(DispatcherServlet.java:964) ~[spring-webmvc-5.3.23.jar:5.3.23]
	at org.springframework.web.servlet.FrameworkServlet.processRequest(FrameworkServlet.java:1006) ~[spring-webmvc-5.3.23.jar:5.3.23]
	at org.springframework.web.servlet.FrameworkServlet.doGet(FrameworkServlet.java:898) ~[spring-webmvc-5.3.23.jar:5.3.23]
	at javax.servlet.http.HttpServlet.service(HttpServlet.java:670) ~[tomcat-embed-core-9.0.68.jar:4.0.FR]
	at org.springframework.web.servlet.FrameworkServlet.service(FrameworkServlet.java:883) ~[spring-webmvc-5.3.23.jar:5.3.23]
	at javax.servlet.http.HttpServlet.service(HttpServlet.java:779) ~[tomcat-embed-core-9.0.68.jar:4.0.FR]
	at org.apache.catalina.core.ApplicationFilterChain.internalDoFilter(ApplicationFilterChain.java:227) ~[tomcat-embed-core-9.0.68.jar:9.0.68]
	at org.apache.catalina.core.ApplicationFilterChain.doFilter(ApplicationFilterChain.java:162) ~[tomcat-embed-core-9.0.68.jar:9.0.68]
	at org.apache.tomcat.websocket.server.WsFilter.doFilter(WsFilter.java:53) ~[tomcat-embed-websocket-9.0.68.jar:9.0.68]
	at org.apache.catalina.core.ApplicationFilterChain.internalDoFilter(ApplicationFilterChain.java:189) ~[tomcat-embed-core-9.0.68.jar:9.0.68]
	at org.apache.catalina.core.ApplicationFilterChain.doFilter(ApplicationFilterChain.java:162) ~[tomcat-embed-core-9.0.68.jar:9.0.68]
	at org.springframework.web.filter.RequestContextFilter.doFilterInternal(RequestContextFilter.java:100) ~[spring-web-5.3.23.jar:5.3.23]
	at org.springframework.web.filter.OncePerRequestFilter.doFilter(OncePerRequestFilter.java:117) ~[spring-web-5.3.23.jar:5.3.23]
	at org.apache.catalina.core.ApplicationFilterChain.internalDoFilter(ApplicationFilterChain.java:189) ~[tomcat-embed-core-9.0.68.jar:9.0.68]
	at org.apache.catalina.core.ApplicationFilterChain.doFilter(ApplicationFilterChain.java:162) ~[tomcat-embed-core-9.0.68.jar:9.0.68]
	at org.springframework.web.filter.FormContentFilter.doFilterInternal(FormContentFilter.java:93) ~[spring-web-5.3.23.jar:5.3.23]
	at org.springframework.web.filter.OncePerRequestFilter.doFilter(OncePerRequestFilter.java:117) ~[spring-web-5.3.23.jar:5.3.23]
	at org.apache.catalina.core.ApplicationFilterChain.internalDoFilter(ApplicationFilterChain.java:189) ~[tomcat-embed-core-9.0.68.jar:9.0.68]
	at org.apache.catalina.core.ApplicationFilterChain.doFilter(ApplicationFilterChain.java:162) ~[tomcat-embed-core-9.0.68.jar:9.0.68]
	at org.springframework.web.filter.CharacterEncodingFilter.doFilterInternal(CharacterEncodingFilter.java:201) ~[spring-web-5.3.23.jar:5.3.23]
	at org.springframework.web.filter.OncePerRequestFilter.doFilter(OncePerRequestFilter.java:117) ~[spring-web-5.3.23.jar:5.3.23]
	at org.apache.catalina.core.ApplicationFilterChain.internalDoFilter(ApplicationFilterChain.java:189) ~[tomcat-embed-core-9.0.68.jar:9.0.68]
	at org.apache.catalina.core.ApplicationFilterChain.doFilter(ApplicationFilterChain.java:162) ~[tomcat-embed-core-9.0.68.jar:9.0.68]
	at org.apache.catalina.core.StandardWrapperValve.invoke(StandardWrapperValve.java:197) ~[tomcat-embed-core-9.0.68.jar:9.0.68]
	at org.apache.catalina.core.StandardContextValve.invoke(StandardContextValve.java:97) ~[tomcat-embed-core-9.0.68.jar:9.0.68]
	at org.apache.catalina.authenticator.AuthenticatorBase.invoke(AuthenticatorBase.java:541) ~[tomcat-embed-core-9.0.68.jar:9.0.68]
	at org.apache.catalina.core.StandardHostValve.invoke(StandardHostValve.java:135) ~[tomcat-embed-core-9.0.68.jar:9.0.68]
	at org.apache.catalina.valves.ErrorReportValve.invoke(ErrorReportValve.java:92) ~[tomcat-embed-core-9.0.68.jar:9.0.68]
	at org.apache.catalina.core.StandardEngineValve.invoke(StandardEngineValve.java:78) ~[tomcat-embed-core-9.0.68.jar:9.0.68]
	at org.apache.catalina.connector.CoyoteAdapter.service(CoyoteAdapter.java:360) ~[tomcat-embed-core-9.0.68.jar:9.0.68]
	at org.apache.coyote.http11.Http11Processor.service(Http11Processor.java:399) ~[tomcat-embed-core-9.0.68.jar:9.0.68]
	at org.apache.coyote.AbstractProcessorLight.process(AbstractProcessorLight.java:65) ~[tomcat-embed-core-9.0.68.jar:9.0.68]
	at org.apache.coyote.AbstractProtocol$ConnectionHandler.process(AbstractProtocol.java:893) ~[tomcat-embed-core-9.0.68.jar:9.0.68]
	at org.apache.tomcat.util.net.NioEndpoint$SocketProcessor.doRun(NioEndpoint.java:1789) ~[tomcat-embed-core-9.0.68.jar:9.0.68]
	at org.apache.tomcat.util.net.SocketProcessorBase.run(SocketProcessorBase.java:49) ~[tomcat-embed-core-9.0.68.jar:9.0.68]
	at org.apache.tomcat.util.threads.ThreadPoolExecutor.runWorker(ThreadPoolExecutor.java:1191) ~[tomcat-embed-core-9.0.68.jar:9.0.68]
	at org.apache.tomcat.util.threads.ThreadPoolExecutor$Worker.run(ThreadPoolExecutor.java:659) ~[tomcat-embed-core-9.0.68.jar:9.0.68]
	at org.apache.tomcat.util.threads.TaskThread$WrappingRunnable.run(TaskThread.java:61) ~[tomcat-embed-core-9.0.68.jar:9.0.68]
	at java.base/java.lang.Thread.run(Thread.java:1623) ~[na:na]

2025-05-26 14:13:45.922  INFO 27272 --- [main] org.example.Application                  : Starting Application using Java 20.0.2 on LAPTOP-RAB with PID 27272 (D:\1\OverseasAutomationTool\target\classes started by Jennifer in D:\1\OverseasAutomationTool)
2025-05-26 14:13:45.924 DEBUG 27272 --- [main] org.example.Application                  : Running with Spring Boot v2.7.5, Spring v5.3.23
2025-05-26 14:13:45.925  INFO 27272 --- [main] org.example.Application                  : No active profile set, falling back to 1 default profile: "default"
2025-05-26 14:13:46.288  WARN 27272 --- [main] ConfigServletWebServerApplicationContext : Exception encountered during context initialization - cancelling refresh attempt: org.springframework.beans.factory.support.BeanDefinitionOverrideException: Invalid bean definition with name 'webDriver' defined in class path resource [org/example/config/WebDriverConfig.class]: Cannot register bean definition [Root bean: class [null]; scope=; abstract=false; lazyInit=null; autowireMode=3; dependencyCheck=0; autowireCandidate=true; primary=false; factoryBeanName=webDriverConfig; factoryMethodName=webDriver; initMethodName=null; destroyMethodName=(inferred); defined in class path resource [org/example/config/WebDriverConfig.class]] for bean 'webDriver': There is already [Root bean: class [null]; scope=; abstract=false; lazyInit=null; autowireMode=3; dependencyCheck=0; autowireCandidate=true; primary=false; factoryBeanName=appConfig; factoryMethodName=webDriver; initMethodName=null; destroyMethodName=(inferred); defined in class path resource [org/example/config/AppConfig.class]] bound.
2025-05-26 14:13:46.295  INFO 27272 --- [main] ConditionEvaluationReportLoggingListener : 

Error starting ApplicationContext. To display the conditions report re-run your application with 'debug' enabled.
2025-05-26 14:13:46.324 ERROR 27272 --- [main] o.s.b.d.LoggingFailureAnalysisReporter   : 

***************************
APPLICATION FAILED TO START
***************************

Description:

The bean 'webDriver', defined in class path resource [org/example/config/WebDriverConfig.class], could not be registered. A bean with that name has already been defined in class path resource [org/example/config/AppConfig.class] and overriding is disabled.

Action:

Consider renaming one of the beans or enabling overriding by setting spring.main.allow-bean-definition-overriding=true

2025-05-26 14:14:01.644  INFO 20712 --- [main] org.example.Application                  : Starting Application using Java 20.0.2 on LAPTOP-RAB with PID 20712 (D:\1\OverseasAutomationTool\target\classes started by Jennifer in D:\1\OverseasAutomationTool)
2025-05-26 14:14:01.646 DEBUG 20712 --- [main] org.example.Application                  : Running with Spring Boot v2.7.5, Spring v5.3.23
2025-05-26 14:14:01.647  INFO 20712 --- [main] org.example.Application                  : No active profile set, falling back to 1 default profile: "default"
2025-05-26 14:14:01.957  WARN 20712 --- [main] ConfigServletWebServerApplicationContext : Exception encountered during context initialization - cancelling refresh attempt: org.springframework.beans.factory.support.BeanDefinitionOverrideException: Invalid bean definition with name 'webDriver' defined in class path resource [org/example/config/WebDriverConfig.class]: Cannot register bean definition [Root bean: class [null]; scope=; abstract=false; lazyInit=null; autowireMode=3; dependencyCheck=0; autowireCandidate=true; primary=false; factoryBeanName=webDriverConfig; factoryMethodName=webDriver; initMethodName=null; destroyMethodName=(inferred); defined in class path resource [org/example/config/WebDriverConfig.class]] for bean 'webDriver': There is already [Root bean: class [null]; scope=; abstract=false; lazyInit=null; autowireMode=3; dependencyCheck=0; autowireCandidate=true; primary=false; factoryBeanName=appConfig; factoryMethodName=webDriver; initMethodName=null; destroyMethodName=(inferred); defined in class path resource [org/example/config/AppConfig.class]] bound.
2025-05-26 14:14:01.965  INFO 20712 --- [main] ConditionEvaluationReportLoggingListener : 

Error starting ApplicationContext. To display the conditions report re-run your application with 'debug' enabled.
2025-05-26 14:14:01.981 ERROR 20712 --- [main] o.s.b.d.LoggingFailureAnalysisReporter   : 

***************************
APPLICATION FAILED TO START
***************************

Description:

The bean 'webDriver', defined in class path resource [org/example/config/WebDriverConfig.class], could not be registered. A bean with that name has already been defined in class path resource [org/example/config/AppConfig.class] and overriding is disabled.

Action:

Consider renaming one of the beans or enabling overriding by setting spring.main.allow-bean-definition-overriding=true

2025-05-26 14:15:25.588  INFO 18408 --- [main] org.example.Application                  : Starting Application using Java 20.0.2 on LAPTOP-RAB with PID 18408 (D:\1\OverseasAutomationTool\target\classes started by Jennifer in D:\1\OverseasAutomationTool)
2025-05-26 14:15:25.590 DEBUG 18408 --- [main] org.example.Application                  : Running with Spring Boot v2.7.5, Spring v5.3.23
2025-05-26 14:15:25.590  INFO 18408 --- [main] org.example.Application                  : No active profile set, falling back to 1 default profile: "default"
2025-05-26 14:15:25.899  WARN 18408 --- [main] ConfigServletWebServerApplicationContext : Exception encountered during context initialization - cancelling refresh attempt: org.springframework.beans.factory.support.BeanDefinitionOverrideException: Invalid bean definition with name 'webDriver' defined in class path resource [org/example/config/WebDriverConfig.class]: Cannot register bean definition [Root bean: class [null]; scope=; abstract=false; lazyInit=null; autowireMode=3; dependencyCheck=0; autowireCandidate=true; primary=false; factoryBeanName=webDriverConfig; factoryMethodName=webDriver; initMethodName=null; destroyMethodName=(inferred); defined in class path resource [org/example/config/WebDriverConfig.class]] for bean 'webDriver': There is already [Root bean: class [null]; scope=; abstract=false; lazyInit=null; autowireMode=3; dependencyCheck=0; autowireCandidate=true; primary=false; factoryBeanName=appConfig; factoryMethodName=webDriver; initMethodName=null; destroyMethodName=quit; defined in class path resource [org/example/config/AppConfig.class]] bound.
2025-05-26 14:15:25.906  INFO 18408 --- [main] ConditionEvaluationReportLoggingListener : 

Error starting ApplicationContext. To display the conditions report re-run your application with 'debug' enabled.
2025-05-26 14:15:25.925 ERROR 18408 --- [main] o.s.b.d.LoggingFailureAnalysisReporter   : 

***************************
APPLICATION FAILED TO START
***************************

Description:

The bean 'webDriver', defined in class path resource [org/example/config/WebDriverConfig.class], could not be registered. A bean with that name has already been defined in class path resource [org/example/config/AppConfig.class] and overriding is disabled.

Action:

Consider renaming one of the beans or enabling overriding by setting spring.main.allow-bean-definition-overriding=true

